TN:
SF:script/deploy.s.sol
DA:36,0
FN:36,Deploy.run
FNDA:0,Deploy.run
DA:37,0
DA:38,0
DA:40,0
DA:41,0
DA:42,0
DA:48,0
DA:52,0
FN:52,Deploy._prepareChainlinkConfig
FNDA:0,Deploy._prepareChainlinkConfig
DA:53,0
DA:54,0
DA:55,0
DA:58,0
DA:59,0
DA:62,0
DA:63,0
DA:66,0
DA:67,0
DA:69,0
DA:76,0
FN:76,Deploy._deployImplementations
FNDA:0,Deploy._deployImplementations
DA:83,0
DA:84,0
DA:85,0
DA:104,0
FN:104,Deploy._deployFactory
FNDA:0,Deploy._deployFactory
FNF:4
FNH:0
LF:23
LH:0
BRF:0
BRH:0
end_of_record
TN:
SF:src/Dynamica.sol
DA:61,50
FN:61,Dynamica.constructor
FNDA:50,Dynamica.constructor
DA:62,50
DA:76,51
FN:76,Dynamica.initialize
FNDA:51,Dynamica.initialize
DA:81,51
DA:82,51
DA:83,51
DA:86,51
DA:87,51
DA:90,51
DA:91,51
BRDA:91,0,0,-
DA:92,0
DA:96,51
DA:97,51
DA:100,51
DA:102,51
DA:107,51
DA:108,51
DA:109,51
DA:120,15
FN:120,Dynamica.calcMarginalPrice
FNDA:15,Dynamica.calcMarginalPrice
DA:121,15
DA:122,15
BRDA:122,1,0,1
DA:123,1
DA:127,14
DA:128,14
DA:129,28
DA:130,28
DA:134,14
DA:135,14
BRDA:135,2,0,-
DA:136,0
DA:140,14
DA:141,28
DA:145,14
DA:148,14
DA:149,14
DA:150,28
DA:153,14
BRDA:153,3,0,-
DA:154,0
DA:158,14
DA:159,14
DA:168,3
FN:168,Dynamica.calcNetCost
FNDA:3,Dynamica.calcNetCost
DA:169,52
DA:170,52
BRDA:170,4,0,1
DA:171,1
DA:175,51
DA:176,51
DA:177,51
DA:179,51
DA:180,102
DA:181,102
DA:182,102
DA:183,102
DA:187,51
DA:188,51
DA:191,51
DA:192,51
DA:194,51
DA:195,51
DA:198,51
DA:208,51
FN:208,Dynamica._initializeGammaPowers
FNDA:51,Dynamica._initializeGammaPowers
DA:209,51
DA:210,51
DA:212,51
DA:213,459
DA:223,116
FN:223,Dynamica.getB
FNDA:116,Dynamica.getB
DA:224,116
DA:225,116
DA:226,232
DA:228,116
DA:230,116
DA:241,102
FN:241,Dynamica.sumExp
FNDA:102,Dynamica.sumExp
DA:242,102
DA:243,102
DA:246,102
DA:247,204
DA:251,102
DA:252,102
DA:253,102
BRDA:253,5,0,62
DA:254,62
DA:259,102
DA:262,102
DA:263,102
DA:264,204
DA:274,14
FN:274,Dynamica._computeOffset
FNDA:14,Dynamica._computeOffset
DA:275,14
DA:276,14
DA:277,14
BRDA:277,6,0,4
DA:278,4
DA:281,14
FNF:8
FNH:8
LF:88
LH:85
BRF:7
BRH:4
end_of_record
TN:
SF:src/MarketMaker.sol
DA:109,52
FN:109,MarketMaker.epochNotResolved
FNDA:52,MarketMaker.epochNotResolved
DA:110,52
BRDA:110,0,0,-
DA:111,0
DA:113,52
BRDA:113,1,0,1
DA:114,1
DA:120,18
FN:120,MarketMaker.epochResolved
FNDA:18,MarketMaker.epochResolved
DA:121,18
BRDA:121,2,0,1
DA:122,1
DA:128,13
FN:128,MarketMaker.onlyOracleManager
FNDA:13,MarketMaker.onlyOracleManager
DA:129,13
BRDA:129,3,0,1
DA:130,1
DA:142,51
FN:142,MarketMaker.initializeMarket
FNDA:51,MarketMaker.initializeMarket
DA:145,51
DA:146,51
DA:147,51
DA:148,51
DA:149,51
DA:150,51
DA:151,51
DA:152,51
DA:155,51
DA:156,51
DA:157,51
DA:158,51
DA:161,51
DA:164,51
DA:165,51
DA:166,51
DA:167,51
DA:170,51
DA:171,102
DA:177,102
DA:180,51
DA:185,9
FN:185,MarketMaker.updateEpochAndPeriod
FNDA:9,MarketMaker.updateEpochAndPeriod
DA:186,9
DA:194,4
FN:194,MarketMaker.changeExpirationEpoch
FNDA:4,MarketMaker.changeExpirationEpoch
DA:195,4
BRDA:195,4,0,1
DA:196,1
DA:198,3
DA:199,3
DA:208,52
FN:208,MarketMaker.makePrediction
FNDA:52,MarketMaker.makePrediction
DA:210,51
DA:213,51
DA:216,51
BRDA:216,5,0,1
DA:217,1
DA:221,50
DA:224,49
DA:225,49
DA:226,49
DA:229,49
DA:232,49
DA:234,49
DA:237,51
FN:237,MarketMaker.checkEpoch
FNDA:51,MarketMaker.checkEpoch
DA:238,51
DA:246,2
FN:246,MarketMaker.payoutNumerators
FNDA:2,MarketMaker.payoutNumerators
DA:247,2
DA:254,1
FN:254,MarketMaker.payoutDenominator
FNDA:1,MarketMaker.payoutDenominator
DA:255,1
DA:263,6
FN:263,MarketMaker.outcomeTokenSupplies
FNDA:6,MarketMaker.outcomeTokenSupplies
DA:264,6
DA:272,13
FN:272,MarketMaker.closeEpoch
FNDA:13,MarketMaker.closeEpoch
DA:273,12
DA:274,10
BRDA:274,6,0,3
DA:275,3
DA:276,3
DA:278,7
DA:279,7
DA:286,18
FN:286,MarketMaker.redeemPayout
FNDA:18,MarketMaker.redeemPayout
DA:287,17
DA:288,17
DA:291,17
DA:292,34
DA:293,340
DA:294,340
DA:296,340
BRDA:296,7,0,48
DA:297,48
DA:298,48
DA:303,17
BRDA:303,8,0,1
DA:304,1
DA:307,16
DA:309,16
DA:312,16
DA:320,0
FN:320,MarketMaker.calcNetCost
FNDA:0,MarketMaker.calcNetCost
DA:330,5
FN:330,MarketMaker.changeFee
FNDA:5,MarketMaker.changeFee
DA:331,5
BRDA:331,9,0,1
DA:332,1
DA:334,4
DA:335,4
DA:342,4
FN:342,MarketMaker.withdrawFee
FNDA:4,MarketMaker.withdrawFee
DA:343,4
BRDA:343,10,0,2
DA:344,2
DA:346,2
DA:347,2
DA:348,2
DA:349,2
DA:353,2
FN:353,MarketMaker.emergencyExit
FNDA:2,MarketMaker.emergencyExit
DA:354,2
DA:355,2
DA:356,2
DA:366,50
FN:366,MarketMaker._validateSellAmounts
FNDA:50,MarketMaker._validateSellAmounts
DA:367,50
DA:368,99
BRDA:368,11,0,19
DA:369,19
DA:370,19
DA:371,19
BRDA:371,12,0,1
DA:372,1
DA:384,49
FN:384,MarketMaker._handleTradePayment
FNDA:49,MarketMaker._handleTradePayment
DA:385,41
BRDA:385,13,0,41
BRDA:385,13,1,8
DA:386,41
DA:387,41
DA:388,41
DA:389,41
DA:390,41
DA:392,8
DA:393,8
DA:394,8
DA:395,8
DA:396,8
DA:406,49
FN:406,MarketMaker._updateUserShares
FNDA:49,MarketMaker._updateUserShares
DA:407,49
DA:408,98
BRDA:408,14,0,73
BRDA:408,14,1,18
DA:410,73
DA:411,73
DA:412,73
DA:413,25
BRDA:413,15,0,18
DA:415,18
DA:416,18
DA:417,18
DA:429,66
FN:429,MarketMaker._burnToken
FNDA:66,MarketMaker._burnToken
DA:430,66
DA:431,66
DA:441,73
FN:441,MarketMaker._mintToken
FNDA:73,MarketMaker._mintToken
DA:442,73
DA:443,73
DA:451,11
FN:451,MarketMaker._calculatePayoutDenominator
FNDA:11,MarketMaker._calculatePayoutDenominator
DA:452,11
DA:453,22
DA:461,60
FN:461,MarketMaker._updateEpochAndPeriod
FNDA:60,MarketMaker._updateEpochAndPeriod
DA:462,60
DA:463,60
DA:466,60
BRDA:466,16,0,3
DA:467,3
DA:471,57
BRDA:471,17,0,12
DA:472,12
DA:473,12
DA:474,12
DA:475,12
DA:483,3
FN:483,MarketMaker._sendMarketsSharesToOwner
FNDA:3,MarketMaker._sendMarketsSharesToOwner
DA:484,3
DA:485,3
BRDA:485,18,0,-
DA:486,0
DA:488,3
DA:489,3
DA:490,3
DA:494,12
FN:494,MarketMaker._closeEpoch
FNDA:12,MarketMaker._closeEpoch
DA:495,12
DA:498,12
BRDA:498,19,0,1
DA:499,1
DA:503,11
DA:504,11
BRDA:504,20,0,1
DA:505,1
DA:508,10
DA:511,10
DA:512,10
DA:514,10
DA:515,100
DA:516,200
BRDA:516,21,0,24
DA:517,24
DA:521,10
DA:523,10
DA:524,20
BRDA:524,22,0,-
DA:525,0
DA:528,20
DA:530,20
BRDA:530,23,0,8
DA:531,8
DA:532,8
DA:533,8
DA:538,10
DA:539,20
DA:540,20
DA:543,10
DA:544,10
DA:546,10
DA:547,10
DA:548,10
DA:549,10
DA:550,10
DA:551,10
DA:552,10
DA:554,10
DA:555,10
DA:565,0
FN:565,MarketMaker.supportsInterface
FNDA:0,MarketMaker.supportsInterface
DA:571,0
DA:582,84
FN:582,MarketMaker.shareId
FNDA:84,MarketMaker.shareId
DA:587,636
DA:588,636
DA:589,636
DA:590,636
DA:591,636
DA:592,636
FNF:28
FNH:26
LF:200
LH:194
BRF:26
BRH:23
end_of_record
TN:
SF:src/MarketMakerFactory.sol
DA:82,54
FN:82,DynamicaFactory.constructor
FNDA:54,DynamicaFactory.constructor
DA:89,54
BRDA:89,0,0,1
BRDA:89,0,1,53
DA:90,53
BRDA:90,1,0,1
BRDA:90,1,1,52
DA:94,52
BRDA:94,2,0,1
BRDA:94,2,1,51
DA:96,51
BRDA:96,3,0,1
BRDA:96,3,1,50
DA:98,50
DA:99,50
DA:100,50
DA:101,50
DA:110,52
FN:110,DynamicaFactory.setOracleCoordinator
FNDA:52,DynamicaFactory.setOracleCoordinator
DA:111,51
BRDA:111,4,0,1
BRDA:111,4,1,50
DA:112,50
DA:131,65
FN:131,DynamicaFactory.createMarketMaker
FNDA:65,DynamicaFactory.createMarketMaker
DA:136,64
DA:139,51
DA:142,51
BRDA:142,5,0,-
BRDA:142,5,1,51
DA:145,51
BRDA:145,6,0,-
BRDA:145,6,1,51
DA:151,51
DA:154,51
DA:155,51
BRDA:155,7,0,-
BRDA:155,7,1,51
DA:158,51
DA:160,51
DA:162,51
BRDA:162,8,0,46
BRDA:162,8,1,5
DA:163,46
DA:165,5
DA:166,5
DA:167,5
DA:171,51
DA:182,51
DA:183,51
DA:186,51
DA:187,51
DA:188,51
DA:190,51
DA:198,50
FN:198,DynamicaFactory.setAllowedToken
FNDA:50,DynamicaFactory.setAllowedToken
DA:199,50
DA:206,3
FN:206,DynamicaFactory.getAllMarketMakers
FNDA:3,DynamicaFactory.getAllMarketMakers
DA:207,3
DA:214,2
FN:214,DynamicaFactory.getMarketMakerCount
FNDA:2,DynamicaFactory.getMarketMakerCount
DA:215,2
DA:223,3
FN:223,DynamicaFactory.getMarketMakersByCreator
FNDA:3,DynamicaFactory.getMarketMakersByCreator
DA:224,3
DA:232,3
FN:232,DynamicaFactory.getMarketMakerCreator
FNDA:3,DynamicaFactory.getMarketMakerCreator
DA:233,3
DA:241,4
FN:241,DynamicaFactory.isMarketMaker
FNDA:4,DynamicaFactory.isMarketMaker
DA:242,4
DA:252,64
FN:252,DynamicaFactory._validateMarketConfig
FNDA:64,DynamicaFactory._validateMarketConfig
DA:253,64
BRDA:253,9,0,1
BRDA:253,9,1,63
DA:254,63
BRDA:254,10,0,1
BRDA:254,10,1,62
DA:255,62
BRDA:255,11,0,1
BRDA:255,11,1,61
DA:256,61
BRDA:256,12,0,1
BRDA:256,12,1,60
DA:257,60
BRDA:257,13,0,1
BRDA:257,13,1,59
DA:258,59
BRDA:258,14,0,1
BRDA:258,14,1,58
DA:259,58
BRDA:259,15,0,1
BRDA:259,15,1,57
DA:260,57
BRDA:260,16,0,1
BRDA:260,16,1,56
DA:261,56
BRDA:261,17,0,1
BRDA:261,17,1,55
DA:262,55
BRDA:262,18,0,1
BRDA:262,18,1,54
DA:263,54
BRDA:263,19,0,1
BRDA:263,19,1,53
DA:264,53
BRDA:264,20,0,1
BRDA:264,20,1,52
DA:265,52
BRDA:265,21,0,1
BRDA:265,21,1,51
DA:273,51
FN:273,DynamicaFactory._validateResolutionConfig
FNDA:51,DynamicaFactory._validateResolutionConfig
DA:274,51
BRDA:274,22,0,-
BRDA:274,22,1,51
DA:287,51
FN:287,DynamicaFactory._createAndInitializeResolutionModule
FNDA:51,DynamicaFactory._createAndInitializeResolutionModule
DA:291,51
BRDA:291,23,0,51
BRDA:291,23,1,-
DA:292,51
DA:293,51
DA:294,0
BRDA:294,24,0,-
BRDA:294,24,1,-
DA:295,0
DA:296,0
DA:298,0
DA:313,51
FN:313,DynamicaFactory._registerMarketWithResolutionManager
FNDA:51,DynamicaFactory._registerMarketWithResolutionManager
DA:322,51
FNF:13
FNH:13
LF:72
LH:68
BRF:50
BRH:43
end_of_record
TN:
SF:src/MockTokenNew.sol
DA:13,0
FN:13,MockTokenNew.constructor
FNDA:0,MockTokenNew.constructor
DA:14,0
DA:17,0
FN:17,MockTokenNew.mint
FNDA:0,MockTokenNew.mint
DA:18,0
DA:19,0
DA:20,0
DA:23,0
FN:23,MockTokenNew.totalSupply
FNDA:0,MockTokenNew.totalSupply
DA:24,0
DA:27,0
FN:27,MockTokenNew.balanceOf
FNDA:0,MockTokenNew.balanceOf
DA:28,0
DA:31,0
FN:31,MockTokenNew.transfer
FNDA:0,MockTokenNew.transfer
DA:32,0
BRDA:32,0,0,-
BRDA:32,0,1,-
DA:33,0
DA:34,0
DA:35,0
DA:36,0
DA:39,0
FN:39,MockTokenNew.allowance
FNDA:0,MockTokenNew.allowance
DA:40,0
DA:43,0
FN:43,MockTokenNew.approve
FNDA:0,MockTokenNew.approve
DA:44,0
DA:45,0
DA:46,0
DA:49,0
FN:49,MockTokenNew.transferFrom
FNDA:0,MockTokenNew.transferFrom
DA:50,0
BRDA:50,1,0,-
BRDA:50,1,1,-
DA:51,0
BRDA:51,2,0,-
BRDA:51,2,1,-
DA:53,0
DA:54,0
DA:55,0
DA:57,0
DA:58,0
DA:61,0
FN:61,MockTokenNew.name
FNDA:0,MockTokenNew.name
DA:62,0
DA:65,0
FN:65,MockTokenNew.symbol
FNDA:0,MockTokenNew.symbol
DA:66,0
DA:69,0
FN:69,MockTokenNew.decimals
FNDA:0,MockTokenNew.decimals
DA:70,0
FNF:11
FNH:0
LF:36
LH:0
BRF:6
BRH:0
end_of_record
TN:
SF:src/Oracles/Flare/FTSOResolutionModule.sol
DA:18,0
FN:18,FTSOResolutionModule.onlyMarketResolutionManager
FNDA:0,FTSOResolutionModule.onlyMarketResolutionManager
DA:19,0
BRDA:19,0,0,-
BRDA:19,0,1,-
DA:23,50
FN:23,FTSOResolutionModule.constructor
FNDA:50,FTSOResolutionModule.constructor
DA:24,50
DA:27,0
FN:27,FTSOResolutionModule.initialize
FNDA:0,FTSOResolutionModule.initialize
DA:28,0
BRDA:28,1,0,-
BRDA:28,1,1,-
DA:29,0
BRDA:29,2,0,-
BRDA:29,2,1,-
DA:30,0
DA:31,0
DA:41,0
FN:41,FTSOResolutionModule.resolveMarket
FNDA:0,FTSOResolutionModule.resolveMarket
DA:46,0
DA:47,0
BRDA:47,3,0,-
BRDA:47,3,1,-
DA:48,0
BRDA:48,4,0,-
BRDA:48,4,1,-
DA:50,0
DA:51,0
DA:53,0
DA:54,0
DA:55,0
DA:56,0
BRDA:56,5,0,-
BRDA:56,5,1,-
DA:57,0
DA:58,0
DA:61,0
BRDA:61,6,0,-
BRDA:61,6,1,-
DA:63,0
DA:64,0
DA:67,0
FNF:4
FNH:1
LF:25
LH:2
BRF:14
BRH:0
end_of_record
TN:
SF:src/Oracles/Hedera/ChainlinkResolutionModule.sol
DA:45,10
FN:45,ChainlinkResolutionModule.onlyMarketResolutionManager
FNDA:10,ChainlinkResolutionModule.onlyMarketResolutionManager
DA:46,10
BRDA:46,0,0,-
BRDA:46,0,1,10
DA:55,50
FN:55,ChainlinkResolutionModule.constructor
FNDA:50,ChainlinkResolutionModule.constructor
DA:56,50
DA:65,51
FN:65,ChainlinkResolutionModule.initialize
FNDA:51,ChainlinkResolutionModule.initialize
DA:66,51
BRDA:66,1,0,-
BRDA:66,1,1,51
DA:67,51
DA:77,10
FN:77,ChainlinkResolutionModule.resolveMarket
FNDA:10,ChainlinkResolutionModule.resolveMarket
DA:82,10
DA:88,10
DA:91,10
DA:94,10
DA:96,10
BRDA:96,2,0,7
DA:98,7
DA:101,7
DA:104,10
DA:106,10
DA:116,0
FN:116,ChainlinkResolutionModule._validateConfig
FNDA:0,ChainlinkResolutionModule._validateConfig
DA:117,0
BRDA:117,3,0,-
BRDA:117,3,1,-
DA:118,0
BRDA:118,4,0,-
BRDA:118,4,1,-
DA:119,0
BRDA:119,5,0,-
BRDA:119,5,1,-
DA:130,10
FN:130,ChainlinkResolutionModule._fetchAndProcessPrices
FNDA:10,ChainlinkResolutionModule._fetchAndProcessPrices
DA:136,10
BRDA:136,6,0,7
BRDA:136,6,1,3
DA:137,7
DA:138,14
DA:141,14
DA:144,14
BRDA:144,7,0,-
BRDA:144,7,1,14
DA:147,14
DA:148,14
DA:152,3
DA:155,3
DA:158,3
BRDA:158,8,0,-
BRDA:158,8,1,3
DA:161,3
DA:162,3
DA:165,10
BRDA:165,9,0,-
BRDA:165,9,1,10
DA:173,7
FN:173,ChainlinkResolutionModule._normalizePayouts
FNDA:7,ChainlinkResolutionModule._normalizePayouts
DA:174,7
DA:175,14
DA:184,7
FN:184,ChainlinkResolutionModule._adjustPayoutPrecision
FNDA:7,ChainlinkResolutionModule._adjustPayoutPrecision
DA:185,7
DA:186,7
DA:187,14
DA:191,7
BRDA:191,10,0,-
DA:192,0
DA:193,0
DA:194,0
DA:203,0
FN:203,ChainlinkResolutionModule._findMaxPayoutIndex
FNDA:0,ChainlinkResolutionModule._findMaxPayoutIndex
DA:204,0
DA:205,0
BRDA:205,11,0,-
DA:206,0
FNF:9
FNH:7
LF:50
LH:39
BRF:21
BRH:8
end_of_record
TN:
SF:src/Oracles/MarketResolutionManager.sol
DA:41,51
FN:41,MarketResolutionManager.onlyFactory
FNDA:51,MarketResolutionManager.onlyFactory
DA:42,51
BRDA:42,0,0,-
BRDA:42,0,1,51
DA:53,50
FN:53,MarketResolutionManager.constructor
FNDA:50,MarketResolutionManager.constructor
DA:54,50
BRDA:54,1,0,-
BRDA:54,1,1,50
DA:55,50
DA:70,51
FN:70,MarketResolutionManager.registerMarket
FNDA:51,MarketResolutionManager.registerMarket
DA:79,51
DA:80,51
DA:82,51
DA:93,51
DA:102,11
FN:102,MarketResolutionManager.resolveMarket
FNDA:11,MarketResolutionManager.resolveMarket
DA:107,11
DA:108,11
BRDA:108,2,0,1
BRDA:108,2,1,10
DA:110,10
DA:113,10
DA:116,10
DA:118,10
DA:121,0
FN:121,MarketResolutionManager.getCurrentMarketData
FNDA:0,MarketResolutionManager.getCurrentMarketData
DA:125,0
DA:126,0
DA:127,0
DA:140,51
FN:140,MarketResolutionManager._validateMarketRegistration
FNDA:51,MarketResolutionManager._validateMarketRegistration
DA:146,51
BRDA:146,3,0,-
BRDA:146,3,1,51
DA:147,51
BRDA:147,4,0,-
BRDA:147,4,1,51
DA:148,51
BRDA:148,5,0,-
BRDA:148,5,1,51
DA:149,51
BRDA:149,6,0,-
BRDA:149,6,1,51
DA:156,10
FN:156,MarketResolutionManager._validateMarketResolution
FNDA:10,MarketResolutionManager._validateMarketResolution
DA:159,10
BRDA:159,7,0,-
BRDA:159,7,1,10
DA:160,10
BRDA:160,8,0,-
BRDA:160,8,1,10
DA:168,10
FN:168,MarketResolutionManager._getMarketPayouts
FNDA:10,MarketResolutionManager._getMarketPayouts
DA:172,10
DA:173,10
DA:174,10
DA:178,10
BRDA:178,9,0,3
BRDA:178,9,1,14
DA:179,3
DA:180,3
DA:181,3
BRDA:181,10,0,-
BRDA:181,10,1,-
DA:182,0
DA:183,3
BRDA:183,11,0,-
DA:184,0
DA:186,3
DA:187,3
DA:188,3
DA:189,3
DA:191,7
DA:192,7
DA:193,14
FNF:8
FNH:7
LF:47
LH:41
BRF:23
BRH:12
end_of_record
TN:
SF:src/todoModules/CustomOracle.sol
DA:102,0
FN:102,DataFeed.registreNewMarket
FNDA:0,DataFeed.registreNewMarket
DA:108,0
BRDA:108,0,0,-
BRDA:108,0,1,-
DA:109,0
BRDA:109,1,0,-
BRDA:109,1,1,-
DA:110,0
BRDA:110,2,0,-
BRDA:110,2,1,-
DA:112,0
DA:113,0
DA:120,0
FN:120,DataFeed.addData
FNDA:0,DataFeed.addData
DA:121,0
BRDA:121,3,0,-
BRDA:121,3,1,-
DA:122,0
BRDA:122,4,0,-
BRDA:122,4,1,-
DA:123,0
BRDA:123,5,0,-
BRDA:123,5,1,-
DA:126,0
DA:128,0
BRDA:128,6,0,-
BRDA:128,6,1,-
DA:131,0
DA:132,0
DA:136,0
DA:137,0
DA:146,0
FN:146,DataFeed.getAllData
FNDA:0,DataFeed.getAllData
DA:147,0
DA:157,0
FN:157,DataFeed.isJsonApiProofValid
FNDA:0,DataFeed.isJsonApiProofValid
DA:158,0
FNF:4
FNH:0
LF:20
LH:0
BRF:14
BRH:0
end_of_record
TN:
SF:test/MockOracles/MockAggregator.sol
DA:19,104
FN:19,MockAggregator.constructor
FNDA:104,MockAggregator.constructor
DA:20,104
DA:21,104
DA:22,104
DA:23,104
DA:24,104
DA:25,104
DA:31,10
FN:31,MockAggregator.setPrice
FNDA:10,MockAggregator.setPrice
DA:32,10
DA:33,10
DA:34,10
DA:40,0
FN:40,MockAggregator.setUpdatedAt
FNDA:0,MockAggregator.setUpdatedAt
DA:41,0
DA:47,37
FN:47,MockAggregator.latestRoundData
FNDA:37,MockAggregator.latestRoundData
DA:53,37
DA:59,99
FN:59,MockAggregator.decimals
FNDA:99,MockAggregator.decimals
DA:60,99
DA:66,0
FN:66,MockAggregator.description
FNDA:0,MockAggregator.description
DA:67,0
DA:73,0
FN:73,MockAggregator.version
FNDA:0,MockAggregator.version
DA:74,0
DA:80,0
FN:80,MockAggregator.getRoundData
FNDA:0,MockAggregator.getRoundData
DA:86,0
FNF:8
FNH:4
LF:23
LH:15
BRF:0
BRH:0
end_of_record
TN:
SF:test/MockOracles/MockFtsoV2.sol
DA:17,52
FN:17,MockFtsoV2.constructor
FNDA:52,MockFtsoV2.constructor
DA:18,52
DA:24,114
FN:24,MockFtsoV2.setFeedData
FNDA:114,MockFtsoV2.setFeedData
DA:25,114
DA:26,114
DA:27,114
DA:30,114
DA:31,114
DA:32,67
BRDA:32,0,0,10
DA:33,10
DA:34,10
DA:37,114
BRDA:37,1,0,104
DA:38,104
DA:45,5
FN:45,MockFtsoV2.getFtsoProtocolId
FNDA:5,MockFtsoV2.getFtsoProtocolId
DA:46,5
DA:52,5
FN:52,MockFtsoV2.getSupportedFeedIds
FNDA:5,MockFtsoV2.getSupportedFeedIds
DA:53,5
DA:59,0
FN:59,MockFtsoV2.getFeedIdChanges
FNDA:0,MockFtsoV2.getFeedIdChanges
DA:60,0
DA:66,0
FN:66,MockFtsoV2.calculateFeeById
FNDA:0,MockFtsoV2.calculateFeeById
DA:67,0
DA:73,0
FN:73,MockFtsoV2.calculateFeeByIds
FNDA:0,MockFtsoV2.calculateFeeByIds
DA:74,0
DA:80,20
FN:80,MockFtsoV2.getFeedById
FNDA:20,MockFtsoV2.getFeedById
DA:86,20
DA:92,0
FN:92,MockFtsoV2.getFeedsById
FNDA:0,MockFtsoV2.getFeedsById
DA:98,0
DA:99,0
DA:101,0
DA:102,0
DA:103,0
DA:107,0
DA:108,0
DA:109,0
BRDA:109,2,0,-
DA:110,0
DA:118,0
FN:118,MockFtsoV2.getFeedByIdInWei
FNDA:0,MockFtsoV2.getFeedByIdInWei
DA:119,0
DA:120,0
DA:123,0
BRDA:123,3,0,-
BRDA:123,3,1,-
DA:124,0
DA:125,0
BRDA:125,4,0,-
BRDA:125,4,1,-
DA:126,0
DA:128,0
DA:131,0
DA:137,0
FN:137,MockFtsoV2.getFeedsByIdInWei
FNDA:0,MockFtsoV2.getFeedsByIdInWei
DA:143,0
DA:145,0
DA:146,0
DA:147,0
DA:150,0
BRDA:150,5,0,-
BRDA:150,5,1,-
DA:151,0
DA:152,0
BRDA:152,6,0,-
BRDA:152,6,1,-
DA:153,0
DA:155,0
DA:160,0
DA:161,0
DA:162,0
BRDA:162,7,0,-
DA:163,0
DA:171,0
FN:171,MockFtsoV2.verifyFeedData
FNDA:0,MockFtsoV2.verifyFeedData
DA:172,0
FNF:12
FNH:5
LF:60
LH:19
BRF:12
BRH:2
end_of_record
TN:
SF:test/MockToken.sol
DA:13,51
FN:13,MockToken.constructor
FNDA:51,MockToken.constructor
DA:14,51
DA:17,251
FN:17,MockToken.mint
FNDA:251,MockToken.mint
DA:18,251
DA:19,251
DA:20,251
DA:23,0
FN:23,MockToken.totalSupply
FNDA:0,MockToken.totalSupply
DA:24,0
DA:27,117
FN:27,MockToken.balanceOf
FNDA:117,MockToken.balanceOf
DA:28,117
DA:31,31
FN:31,MockToken.transfer
FNDA:31,MockToken.transfer
DA:32,31
BRDA:32,0,0,-
BRDA:32,0,1,31
DA:33,31
DA:34,31
DA:35,31
DA:36,31
DA:39,0
FN:39,MockToken.allowance
FNDA:0,MockToken.allowance
DA:40,0
DA:43,150
FN:43,MockToken.approve
FNDA:150,MockToken.approve
DA:44,150
DA:45,150
DA:46,150
DA:49,143
FN:49,MockToken.transferFrom
FNDA:143,MockToken.transferFrom
DA:50,143
BRDA:50,1,0,-
BRDA:50,1,1,143
DA:51,143
BRDA:51,2,0,-
BRDA:51,2,1,143
DA:53,143
DA:54,143
DA:55,143
DA:57,143
DA:58,143
DA:61,0
FN:61,MockToken.name
FNDA:0,MockToken.name
DA:62,0
DA:65,0
FN:65,MockToken.symbol
FNDA:0,MockToken.symbol
DA:66,0
DA:69,102
FN:69,MockToken.decimals
FNDA:102,MockToken.decimals
DA:70,102
FNF:11
FNH:7
LF:36
LH:28
BRF:6
BRH:3
end_of_record
